{"level":30,"time":1670495776554,"pid":13864,"hostname":"DESKTOP-R3D8U7A","msg":"Request: get, /"}
{"level":30,"time":1670495850980,"pid":8892,"hostname":"DESKTOP-R3D8U7A","msg":"Request: get, /test-get"}
{"level":30,"time":1670495970248,"pid":26296,"hostname":"DESKTOP-R3D8U7A","msg":"Request: get, /test-get"}
{"level":30,"time":1670496257868,"pid":696,"hostname":"DESKTOP-R3D8U7A","msg":"Request: get, /test-get"}
{"level":30,"time":1671690973580,"pid":23568,"hostname":"DESKTOP-R3D8U7A","msg":"Request: get, /test-get"}
{"level":30,"time":1671691050848,"pid":12300,"hostname":"DESKTOP-R3D8U7A","msg":"Request: get, /test-get"}
{"level":30,"time":1672032147355,"pid":16900,"hostname":"DESKTOP-R3D8U7A","msg":"Request: get, /test-get"}
{"level":30,"time":1672032216534,"pid":2972,"hostname":"DESKTOP-R3D8U7A","msg":"Request: get, /test-get"}
{"level":30,"time":1672032597800,"pid":17052,"hostname":"DESKTOP-R3D8U7A","msg":"Request: get, /test-get"}
{"level":30,"time":1672039037028,"pid":23856,"hostname":"DESKTOP-R3D8U7A","msg":"Request: get, /test-get"}
{"level":30,"time":1672040569466,"pid":20252,"hostname":"DESKTOP-R3D8U7A","msg":"Request: get, /test-get"}
{"level":30,"time":1672042451956,"pid":4908,"hostname":"DESKTOP-R3D8U7A","msg":"Request: get, /test-get"}
{"level":30,"time":1672042750693,"pid":19844,"hostname":"DESKTOP-R3D8U7A","msg":"Request: get, /test-get"}
{"level":30,"time":1672050919879,"pid":1932,"hostname":"DESKTOP-R3D8U7A","msg":"Request: get, /test-get"}
{"level":30,"time":1672051411905,"pid":22092,"hostname":"DESKTOP-R3D8U7A","msg":"Request: get, /test-get"}
{"level":30,"time":1672112201885,"pid":7784,"hostname":"DESKTOP-R3D8U7A","msg":"Request: get, /test-get"}
{"level":30,"time":1672112449007,"pid":20804,"hostname":"DESKTOP-R3D8U7A","msg":"Request: get, /test-get"}
{"level":30,"time":1672112449034,"pid":20804,"hostname":"DESKTOP-R3D8U7A","msg":"Request: post, /api/db/books/find"}
{"level":30,"time":1672114420253,"pid":16708,"hostname":"DESKTOP-R3D8U7A","msg":"Request: get, /test-get"}
{"level":30,"time":1672114565455,"pid":11468,"hostname":"DESKTOP-R3D8U7A","msg":"Request: get, /test-get"}
{"level":30,"time":1672114747868,"pid":12160,"hostname":"DESKTOP-R3D8U7A","msg":"Request: get, /test-get"}
{"level":30,"time":1672116937991,"pid":26568,"hostname":"DESKTOP-R3D8U7A","msg":"Request: get, /test-get"}
{"level":30,"time":1672116938011,"pid":26568,"hostname":"DESKTOP-R3D8U7A","msg":"Request: post, /api/db/books/find"}
{"level":30,"time":1672117178704,"pid":27264,"hostname":"DESKTOP-R3D8U7A","msg":"Request: get, /test-get"}
{"level":30,"time":1672117178722,"pid":27264,"hostname":"DESKTOP-R3D8U7A","msg":"Request: post, /api/db/books/find"}
{"level":30,"time":1672117244646,"pid":16660,"hostname":"DESKTOP-R3D8U7A","msg":"Request: get, /test-get"}
{"level":30,"time":1672117244664,"pid":16660,"hostname":"DESKTOP-R3D8U7A","msg":"Request: post, /api/db/books/find"}
{"level":30,"time":1672117274504,"pid":16660,"hostname":"DESKTOP-R3D8U7A","msg":"Request: get, /test-get"}
{"level":30,"time":1672117274508,"pid":16660,"hostname":"DESKTOP-R3D8U7A","msg":"Request: post, /api/db/books/find"}
{"level":30,"time":1672717665039,"pid":20396,"hostname":"DESKTOP-R3D8U7A","msg":"Request: get, /api/db/book/find"}
{"level":30,"time":1672717701102,"pid":18128,"hostname":"DESKTOP-R3D8U7A","msg":"Request: get, /api/db/book/find"}
{"level":30,"time":1672718067955,"pid":10532,"hostname":"DESKTOP-R3D8U7A","msg":"Request: get, /test-get"}
{"level":30,"time":1672718067971,"pid":10532,"hostname":"DESKTOP-R3D8U7A","msg":"Request: post, /api/db/books/find"}
{"level":30,"time":1672718240861,"pid":17800,"hostname":"DESKTOP-R3D8U7A","msg":"Request: get, /test-get"}
{"level":30,"time":1672718240902,"pid":17800,"hostname":"DESKTOP-R3D8U7A","msg":"Request: post, /api/db/books/find"}
{"level":30,"time":1672718557523,"pid":10768,"hostname":"DESKTOP-R3D8U7A","msg":"Request: get, /test-get"}
{"level":30,"time":1672724047133,"pid":27608,"hostname":"DESKTOP-R3D8U7A","msg":"Request: get, /test-get"}
{"level":30,"time":1672724094332,"pid":27608,"hostname":"DESKTOP-R3D8U7A","msg":"Request: get, /api/db/book/find"}
{"level":30,"time":1672731494458,"pid":13212,"hostname":"DESKTOP-R3D8U7A","msg":"Request: post, /api/db/book/find"}
{"level":30,"time":1672731953069,"pid":23884,"hostname":"DESKTOP-R3D8U7A","msg":"Request: post, /api/db/book/find"}
{"level":30,"time":1672732049332,"pid":23884,"hostname":"DESKTOP-R3D8U7A","msg":"Request: get, /test-get"}
{"level":30,"time":1672732049345,"pid":23884,"hostname":"DESKTOP-R3D8U7A","msg":"Request: post, /api/db/books/find"}
{"level":30,"time":1672733638078,"pid":1148,"hostname":"DESKTOP-R3D8U7A","msg":"Request: get, /test-get"}
{"level":30,"time":1672734004257,"pid":22412,"hostname":"DESKTOP-R3D8U7A","msg":"Request: get, /test-get"}
{"level":30,"time":1672734004275,"pid":22412,"hostname":"DESKTOP-R3D8U7A","msg":"Request: post, /api/db/books/find"}
{"level":30,"time":1672734365697,"pid":16528,"hostname":"DESKTOP-R3D8U7A","msg":"Request: get, /test-get"}
{"level":30,"time":1672734365717,"pid":16528,"hostname":"DESKTOP-R3D8U7A","msg":"Request: post, /api/db/books/find"}
{"level":30,"time":1672735021943,"pid":11676,"hostname":"DESKTOP-R3D8U7A","msg":"Request: get, /test-get"}
{"level":30,"time":1672735021959,"pid":11676,"hostname":"DESKTOP-R3D8U7A","msg":"Request: post, /api/db/books/find"}
{"level":30,"time":1672737893120,"pid":18244,"hostname":"DESKTOP-R3D8U7A","msg":"Request: post, /api/db/books/create"}
{"level":30,"time":1672737960782,"pid":18244,"hostname":"DESKTOP-R3D8U7A","msg":"Request: post, /api/db/books/create"}
{"level":30,"time":1672738089099,"pid":8284,"hostname":"DESKTOP-R3D8U7A","msg":"Request: post, /api/db/books/create"}
{"level":30,"time":1672738101187,"pid":8284,"hostname":"DESKTOP-R3D8U7A","msg":"Request: get, /test-get"}
{"level":30,"time":1672738101197,"pid":8284,"hostname":"DESKTOP-R3D8U7A","msg":"Request: post, /api/db/books/create"}
{"level":30,"time":1672738379827,"pid":15356,"hostname":"DESKTOP-R3D8U7A","msg":"Request: get, /test-get"}
{"level":30,"time":1672738512470,"pid":988,"hostname":"DESKTOP-R3D8U7A","msg":"Request: get, /test-get"}
{"level":30,"time":1672738819765,"pid":20308,"hostname":"DESKTOP-R3D8U7A","msg":"Request: get, /test-get"}
{"level":30,"time":1672739118991,"pid":5788,"hostname":"DESKTOP-R3D8U7A","msg":"Request: get, /test-get"}
{"level":30,"time":1672741295415,"pid":19112,"hostname":"DESKTOP-R3D8U7A","msg":"Request: get, /test-get"}
{"level":30,"time":1672803573419,"pid":25416,"hostname":"DESKTOP-R3D8U7A","msg":"Request: get, /test-get"}
{"level":30,"time":1672804471506,"pid":22660,"hostname":"DESKTOP-R3D8U7A","msg":"Request: get, /test-get"}
